<?xml version="1.0" encoding="UTF-8"?>
<testng-results ignored="0" total="1" passed="1" failed="0" skipped="0">
  <reporter-output>
  </reporter-output>
  <suite started-at="2023-10-25T08:38:07 IST" name="Surefire suite" finished-at="2023-10-25T08:38:07 IST" duration-ms="41">
    <groups>
    </groups>
    <test started-at="2023-10-25T08:38:07 IST" name="Surefire test" finished-at="2023-10-25T08:38:07 IST" duration-ms="41">
      <class name="IBMRestAssured.IBMRestAssured.AppTest">
        <test-method signature="shouldAnswerWithTrue()" started-at="2023-10-25T08:38:07 IST" name="shouldAnswerWithTrue" finished-at="2023-10-25T08:38:07 IST" duration-ms="9" status="PASS">
          <reporter-output>
          </reporter-output>
        </test-method> <!-- shouldAnswerWithTrue -->
      </class> <!-- IBMRestAssured.IBMRestAssured.AppTest -->
    </test> <!-- Surefire test -->
  </suite> <!-- Surefire suite -->
</testng-results>
