<?xml version="1.0" encoding="UTF-8"?>
<testng-results total="1" passed="1" failed="0" skipped="0">
  <reporter-output>
  </reporter-output>
  <suite started-at="2023-10-30T03:51:11Z" name="Default suite" finished-at="2023-10-30T03:51:11Z" duration-ms="35">
    <groups>
    </groups>
    <test started-at="2023-10-30T03:51:11Z" name="Default test" finished-at="2023-10-30T03:51:11Z" duration-ms="35">
      <class name="TestNG.TestNGExmpl">
        <test-method signature="f()[pri:0, instance:TestNG.TestNGExmpl@67d18ed7]" started-at="2023-10-30T09:21:11Z" name="f" finished-at="2023-10-30T09:21:11Z" duration-ms="16" status="PASS">
          <reporter-output>
          </reporter-output>
        </test-method> <!-- f -->
      </class> <!-- TestNG.TestNGExmpl -->
    </test> <!-- Default test -->
  </suite> <!-- Default suite -->
</testng-results>
